0 info it worked if it ends with ok
1 verbose cli [ 'node',
1 verbose cli   '/usr/local/bin/npm',
1 verbose cli   'install',
1 verbose cli   'browserify',
1 verbose cli   '--save-dev' ]
2 info using npm@1.4.28
3 info using node@v0.10.32
4 warn package.json WebBase@0.0.1 No repository field.
5 warn package.json WebBase@0.0.1 No README data
6 warn package.json path@0.4.10 path is also the name of a node core module.
7 verbose readDependencies using package.json deps
8 verbose cache add [ 'browserify', null ]
9 verbose cache add name=undefined spec="browserify" args=["browserify",null]
10 verbose parsed url { protocol: null,
10 verbose parsed url   slashes: null,
10 verbose parsed url   auth: null,
10 verbose parsed url   host: null,
10 verbose parsed url   port: null,
10 verbose parsed url   hostname: null,
10 verbose parsed url   hash: null,
10 verbose parsed url   search: null,
10 verbose parsed url   query: null,
10 verbose parsed url   pathname: 'browserify',
10 verbose parsed url   path: 'browserify',
10 verbose parsed url   href: 'browserify' }
11 silly lockFile 84c1c54e-browserify browserify
12 verbose lock browserify /Users/SarriMaxime/.npm/84c1c54e-browserify.lock
13 silly lockFile 84c1c54e-browserify browserify
14 silly lockFile 84c1c54e-browserify browserify
15 verbose addNamed [ 'browserify', '' ]
16 verbose addNamed [ null, '*' ]
17 silly lockFile 80140245-browserify browserify@
18 verbose lock browserify@ /Users/SarriMaxime/.npm/80140245-browserify.lock
19 silly addNameRange { name: 'browserify', range: '*', hasData: false }
20 verbose request where is /browserify
21 verbose request registry https://registry.npmjs.org/
22 verbose request id a427a258e8fff871
23 verbose url raw /browserify
24 verbose url resolving [ 'https://registry.npmjs.org/', './browserify' ]
25 verbose url resolved https://registry.npmjs.org/browserify
26 verbose request where is https://registry.npmjs.org/browserify
27 info trying registry request attempt 1 at 12:37:17
28 verbose etag "AY6ED6E617C4V4ZDXV0Z81MCV"
29 http GET https://registry.npmjs.org/browserify
30 http 200 https://registry.npmjs.org/browserify
31 silly registry.get cb [ 200,
31 silly registry.get   { date: 'Fri, 27 Feb 2015 11:37:17 GMT',
31 silly registry.get     server: 'CouchDB/1.5.0 (Erlang OTP/R16B03)',
31 silly registry.get     etag: '"1VSH98BM0QN7356V32WH00UPY"',
31 silly registry.get     'content-type': 'application/json',
31 silly registry.get     'cache-control': 'max-age=60',
31 silly registry.get     'content-length': '784226',
31 silly registry.get     'accept-ranges': 'bytes',
31 silly registry.get     via: '1.1 varnish',
31 silly registry.get     age: '11',
31 silly registry.get     'x-served-by': 'cache-ams4138-AMS',
31 silly registry.get     'x-cache': 'HIT',
31 silly registry.get     'x-cache-hits': '1',
31 silly registry.get     'x-timer': 'S1425037037.899224,VS0,VE4',
31 silly registry.get     vary: 'Accept',
31 silly registry.get     'keep-alive': 'timeout=10, max=50',
31 silly registry.get     connection: 'Keep-Alive' } ]
32 silly addNameRange number 2 { name: 'browserify', range: '*', hasData: true }
33 silly addNameRange versions [ 'browserify',
33 silly addNameRange   [ '0.0.1',
33 silly addNameRange     '0.0.2',
33 silly addNameRange     '0.0.3',
33 silly addNameRange     '0.0.4',
33 silly addNameRange     '0.0.5',
33 silly addNameRange     '0.1.0',
33 silly addNameRange     '0.1.1',
33 silly addNameRange     '0.1.2',
33 silly addNameRange     '0.1.3',
33 silly addNameRange     '0.1.4',
33 silly addNameRange     '0.1.5',
33 silly addNameRange     '0.2.0',
33 silly addNameRange     '0.2.1',
33 silly addNameRange     '0.2.2',
33 silly addNameRange     '0.2.3',
33 silly addNameRange     '0.2.4',
33 silly addNameRange     '0.2.5',
33 silly addNameRange     '0.2.6',
33 silly addNameRange     '0.2.7',
33 silly addNameRange     '0.2.8',
33 silly addNameRange     '0.2.9',
33 silly addNameRange     '0.2.10',
33 silly addNameRange     '0.2.11',
33 silly addNameRange     '0.3.0',
33 silly addNameRange     '0.3.1',
33 silly addNameRange     '0.3.2',
33 silly addNameRange     '0.3.3',
33 silly addNameRange     '0.3.4',
33 silly addNameRange     '0.3.5',
33 silly addNameRange     '0.3.6',
33 silly addNameRange     '0.3.7',
33 silly addNameRange     '0.4.0',
33 silly addNameRange     '0.4.1',
33 silly addNameRange     '0.4.2',
33 silly addNameRange     '0.4.3',
33 silly addNameRange     '0.4.4',
33 silly addNameRange     '0.4.5',
33 silly addNameRange     '0.4.6',
33 silly addNameRange     '0.4.7',
33 silly addNameRange     '0.4.8',
33 silly addNameRange     '0.4.9',
33 silly addNameRange     '0.4.10',
33 silly addNameRange     '0.4.11',
33 silly addNameRange     '0.4.12',
33 silly addNameRange     '0.4.13',
33 silly addNameRange     '0.4.14',
33 silly addNameRange     '0.4.15',
33 silly addNameRange     '0.5.0',
33 silly addNameRange     '0.5.1',
33 silly addNameRange     '0.5.2',
33 silly addNameRange     '1.0.0',
33 silly addNameRange     '1.1.0',
33 silly addNameRange     '1.1.1',
33 silly addNameRange     '1.1.2',
33 silly addNameRange     '1.1.3',
33 silly addNameRange     '1.1.4',
33 silly addNameRange     '1.2.0',
33 silly addNameRange     '1.2.1',
33 silly addNameRange     '1.2.2',
33 silly addNameRange     '1.2.3',
33 silly addNameRange     '1.2.4',
33 silly addNameRange     '1.2.5',
33 silly addNameRange     '1.2.6',
33 silly addNameRange     '1.2.7',
33 silly addNameRange     '1.2.8',
33 silly addNameRange     '1.2.9',
33 silly addNameRange     '1.3.0',
33 silly addNameRange     '1.4.0',
33 silly addNameRange     '1.4.1',
33 silly addNameRange     '1.4.2',
33 silly addNameRange     '1.4.3',
33 silly addNameRange     '1.4.4',
33 silly addNameRange     '1.4.5',
33 silly addNameRange     '1.4.6',
33 silly addNameRange     '1.4.7',
33 silly addNameRange     '1.4.8',
33 silly addNameRange     '1.5.0',
33 silly addNameRange     '1.6.0',
33 silly addNameRange     '1.6.1',
33 silly addNameRange     '1.7.0',
33 silly addNameRange     '1.7.1',
33 silly addNameRange     '1.7.2',
33 silly addNameRange     '1.7.3',
33 silly addNameRange     '1.7.4',
33 silly addNameRange     '1.7.5',
33 silly addNameRange     '1.7.6',
33 silly addNameRange     '1.7.7',
33 silly addNameRange     '1.8.0',
33 silly addNameRange     '1.8.1',
33 silly addNameRange     '1.8.2',
33 silly addNameRange     '1.8.3',
33 silly addNameRange     '1.9.0',
33 silly addNameRange     '1.9.1',
33 silly addNameRange     '1.9.2',
33 silly addNameRange     '1.9.3',
33 silly addNameRange     '1.9.4',
33 silly addNameRange     '1.10.0',
33 silly addNameRange     '1.10.1',
33 silly addNameRange     '1.10.2',
33 silly addNameRange     '1.10.3',
33 silly addNameRange     '1.10.4',
33 silly addNameRange     '1.10.5',
33 silly addNameRange     '1.10.6',
33 silly addNameRange     '1.10.7',
33 silly addNameRange     '1.10.8',
33 silly addNameRange     '1.10.9',
33 silly addNameRange     '1.10.11',
33 silly addNameRange     '1.10.12',
33 silly addNameRange     '1.10.13',
33 silly addNameRange     '1.10.14',
33 silly addNameRange     '1.10.15',
33 silly addNameRange     '1.10.16',
33 silly addNameRange     '1.10.17',
33 silly addNameRange     '1.11.0',
33 silly addNameRange     '1.11.1',
33 silly addNameRange     '1.12.0',
33 silly addNameRange     '1.12.1',
33 silly addNameRange     '1.12.2',
33 silly addNameRange     '1.12.3',
33 silly addNameRange     '1.13.0',
33 silly addNameRange     '1.13.1',
33 silly addNameRange     '1.13.2',
33 silly addNameRange     '1.13.3',
33 silly addNameRange     '1.13.4',
33 silly addNameRange     '1.13.5',
33 silly addNameRange     '1.13.6',
33 silly addNameRange     '1.13.8',
33 silly addNameRange     '1.13.9',
33 silly addNameRange     '1.13.10',
33 silly addNameRange     '1.14.0',
33 silly addNameRange     '1.14.1',
33 silly addNameRange     '1.14.2',
33 silly addNameRange     '1.14.3',
33 silly addNameRange     '1.14.4',
33 silly addNameRange     '1.14.5',
33 silly addNameRange     '1.15.0',
33 silly addNameRange     '1.15.1',
33 silly addNameRange     '1.15.2',
33 silly addNameRange     '1.15.3',
33 silly addNameRange     '1.15.4',
33 silly addNameRange     '1.15.5',
33 silly addNameRange     '1.15.6',
33 silly addNameRange     '1.16.0',
33 silly addNameRange     '1.16.1',
33 silly addNameRange     '1.16.2',
33 silly addNameRange     '1.16.3',
33 silly addNameRange     '1.16.4',
33 silly addNameRange     '1.16.5',
33 silly addNameRange     '1.16.6',
33 silly addNameRange     '1.16.7',
33 silly addNameRange     '1.16.8',
33 silly addNameRange     '1.17.0',
33 silly addNameRange     '1.17.1',
33 silly addNameRange     '1.17.2',
33 silly addNameRange     '1.17.3',
33 silly addNameRange     '1.18.0',
33 silly addNameRange     '2.0.0',
33 silly addNameRange     '2.0.1',
33 silly addNameRange     '2.1.0',
33 silly addNameRange     '2.2.0',
33 silly addNameRange     '2.2.1',
33 silly addNameRange     '2.2.2',
33 silly addNameRange     '2.2.3',
33 silly addNameRange     '2.2.4',
33 silly addNameRange     '2.2.5',
33 silly addNameRange     '2.2.6',
33 silly addNameRange     '2.3.0',
33 silly addNameRange     '2.3.1',
33 silly addNameRange     '2.4.0',
33 silly addNameRange     '2.4.1',
33 silly addNameRange     '2.4.2',
33 silly addNameRange     '2.4.3',
33 silly addNameRange     '2.5.0',
33 silly addNameRange     '2.5.1',
33 silly addNameRange     '2.6.0',
33 silly addNameRange     '2.6.1',
33 silly addNameRange     '2.7.0',
33 silly addNameRange     '2.7.1',
33 silly addNameRange     '2.7.2',
33 silly addNameRange     '2.7.3',
33 silly addNameRange     '2.7.4',
33 silly addNameRange     '2.8.0',
33 silly addNameRange     '2.8.1',
33 silly addNameRange     '2.9.0',
33 silly addNameRange     '2.10.0',
33 silly addNameRange     '2.10.1',
33 silly addNameRange     '2.10.2',
33 silly addNameRange     '2.11.0',
33 silly addNameRange     '2.12.0',
33 silly addNameRange     '2.12.1',
33 silly addNameRange     '2.12.2',
33 silly addNameRange     '2.12.3',
33 silly addNameRange     '2.12.4',
33 silly addNameRange     '2.12.5',
33 silly addNameRange     '2.13.0',
33 silly addNameRange     '2.13.1',
33 silly addNameRange     '2.13.2',
33 silly addNameRange     '2.13.3',
33 silly addNameRange     '2.14.0',
33 silly addNameRange     '2.14.1',
33 silly addNameRange     '2.14.2',
33 silly addNameRange     '2.15.0',
33 silly addNameRange     '2.16.0',
33 silly addNameRange     '2.17.0',
33 silly addNameRange     '2.17.1',
33 silly addNameRange     '2.17.2',
33 silly addNameRange     '2.17.3',
33 silly addNameRange     '2.17.4',
33 silly addNameRange     '2.18.0',
33 silly addNameRange     '2.18.1',
33 silly addNameRange     '2.19.0',
33 silly addNameRange     '2.20.0',
33 silly addNameRange     '2.20.1',
33 silly addNameRange     '2.20.2',
33 silly addNameRange     '2.21.0',
33 silly addNameRange     '2.22.0',
33 silly addNameRange     '2.23.0',
33 silly addNameRange     '2.23.1',
33 silly addNameRange     '2.24.0',
33 silly addNameRange     '2.24.1',
33 silly addNameRange     '2.24.2',
33 silly addNameRange     '2.24.3',
33 silly addNameRange     '2.25.0',
33 silly addNameRange     '2.25.1',
33 silly addNameRange     '2.26.0',
33 silly addNameRange     '2.27.0',
33 silly addNameRange     '2.27.1',
33 silly addNameRange     '2.28.0',
33 silly addNameRange     '2.29.0',
33 silly addNameRange     '2.29.1',
33 silly addNameRange     '2.30.0',
33 silly addNameRange     '2.31.0',
33 silly addNameRange     '2.32.0',
33 silly addNameRange     '2.32.1',
33 silly addNameRange     '2.32.2',
33 silly addNameRange     '2.32.3',
33 silly addNameRange     '2.32.4',
33 silly addNameRange     '2.33.0',
33 silly addNameRange     '2.33.1',
33 silly addNameRange     '2.34.0',
33 silly addNameRange     '2.34.1',
33 silly addNameRange     '2.34.2',
33 silly addNameRange     '2.34.3',
33 silly addNameRange     '2.35.0',
33 silly addNameRange     '2.35.1',
33 silly addNameRange     '2.35.2',
33 silly addNameRange     '2.35.3',
33 silly addNameRange     '2.35.4',
33 silly addNameRange     '2.36.0',
33 silly addNameRange     '2.36.1',
33 silly addNameRange     '3.0.0',
33 silly addNameRange     '3.1.0',
33 silly addNameRange     '3.1.1',
33 silly addNameRange     '3.1.2',
33 silly addNameRange     '3.1.3',
33 silly addNameRange     '3.2.0',
33 silly addNameRange     '3.2.1',
33 silly addNameRange     '3.2.2',
33 silly addNameRange     '3.3.0',
33 silly addNameRange     '3.4.0',
33 silly addNameRange     '3.4.1',
33 silly addNameRange     '3.5.0',
33 silly addNameRange     '3.6.0',
33 silly addNameRange     '3.7.0',
33 silly addNameRange     '3.8.0',
33 silly addNameRange     '3.8.1',
33 silly addNameRange     '3.9.0',
33 silly addNameRange     '3.9.1',
33 silly addNameRange     '3.10.0',
33 silly addNameRange     '3.11.0',
33 silly addNameRange     '3.11.1',
33 silly addNameRange     '3.12.0',
33 silly addNameRange     '3.13.0',
33 silly addNameRange     '3.14.0',
33 silly addNameRange     '3.14.1',
33 silly addNameRange     '3.16.0',
33 silly addNameRange     '3.16.1',
33 silly addNameRange     '3.17.0',
33 silly addNameRange     '3.18.0',
33 silly addNameRange     '3.19.0',
33 silly addNameRange     '3.19.1',
33 silly addNameRange     '3.20.0',
33 silly addNameRange     '3.20.1',
33 silly addNameRange     '3.20.2',
33 silly addNameRange     '3.21.0',
33 silly addNameRange     '3.21.1',
33 silly addNameRange     '3.22.0',
33 silly addNameRange     '3.22.1',
33 silly addNameRange     '3.23.0',
33 silly addNameRange     '3.23.1',
33 silly addNameRange     '3.24.0',
33 silly addNameRange     '3.24.1',
33 silly addNameRange     '3.24.2',
33 silly addNameRange     '3.24.3',
33 silly addNameRange     '3.24.4',
33 silly addNameRange     '3.24.5',
33 silly addNameRange     '3.24.6',
33 silly addNameRange     '3.24.7',
33 silly addNameRange     '3.24.8',
33 silly addNameRange     '3.24.9',
33 silly addNameRange     '3.24.10',
33 silly addNameRange     '3.24.11',
33 silly addNameRange     '3.24.13',
33 silly addNameRange     '3.25.0',
33 silly addNameRange     '3.25.1',
33 silly addNameRange     '3.25.2',
33 silly addNameRange     '3.26.0',
33 silly addNameRange     '3.27.0',
33 silly addNameRange     '3.27.1',
33 silly addNameRange     '3.28.0',
33 silly addNameRange     '3.28.1',
33 silly addNameRange     '3.28.2',
33 silly addNameRange     '3.29.0',
33 silly addNameRange     '3.29.1',
33 silly addNameRange     '3.30.0',
33 silly addNameRange     '3.30.1',
33 silly addNameRange     '3.30.2',
33 silly addNameRange     '3.30.3',
33 silly addNameRange     '3.30.4',
33 silly addNameRange     '3.31.0',
33 silly addNameRange     '3.31.1',
33 silly addNameRange     '3.31.2',
33 silly addNameRange     '3.32.0',
33 silly addNameRange     '3.32.1',
33 silly addNameRange     '3.33.0',
33 silly addNameRange     '3.33.1',
33 silly addNameRange     '3.34.0',
33 silly addNameRange     '3.35.0',
33 silly addNameRange     '3.36.0',
33 silly addNameRange     '3.36.1',
33 silly addNameRange     '3.37.0',
33 silly addNameRange     '3.37.1',
33 silly addNameRange     '3.37.2',
33 silly addNameRange     '3.38.0',
33 silly addNameRange     '3.38.1',
33 silly addNameRange     '3.39.0',
33 silly addNameRange     '3.40.0',
33 silly addNameRange     '3.40.1',
33 silly addNameRange     '3.40.2',
33 silly addNameRange     '3.40.3',
33 silly addNameRange     '3.40.4',
33 silly addNameRange     '3.41.0',
33 silly addNameRange     '3.42.0',
33 silly addNameRange     '3.43.0',
33 silly addNameRange     '3.44.0',
33 silly addNameRange     '3.44.1',
33 silly addNameRange     '3.44.2',
33 silly addNameRange     '3.45.0',
33 silly addNameRange     '3.46.0',
33 silly addNameRange     '3.46.1',
33 silly addNameRange     '4.0.0',
33 silly addNameRange     '4.1.0',
33 silly addNameRange     '4.1.1',
33 silly addNameRange     '4.1.2',
33 silly addNameRange     '4.1.3',
33 silly addNameRange     '4.1.4',
33 silly addNameRange     '4.1.5',
33 silly addNameRange     '4.1.6',
33 silly addNameRange     '4.1.7',
33 silly addNameRange     '4.1.8',
33 silly addNameRange     '4.1.9',
33 silly addNameRange     '4.1.10',
33 silly addNameRange     '4.1.11',
33 silly addNameRange     '4.2.0',
33 silly addNameRange     '4.2.1',
33 silly addNameRange     '4.2.2',
33 silly addNameRange     '4.2.3',
33 silly addNameRange     '5.0.0',
33 silly addNameRange     '5.0.1',
33 silly addNameRange     '5.0.2',
33 silly addNameRange     '5.0.3',
33 silly addNameRange     '5.0.4',
33 silly addNameRange     '5.0.5',
33 silly addNameRange     '5.0.6',
33 silly addNameRange     '5.0.7',
33 silly addNameRange     '5.0.8',
33 silly addNameRange     '5.1.0',
33 silly addNameRange     '5.1.1',
33 silly addNameRange     '5.2.0',
33 silly addNameRange     '5.2.1',
33 silly addNameRange     '5.3.0',
33 silly addNameRange     '5.4.0',
33 silly addNameRange     '5.4.1',
33 silly addNameRange     '5.4.2',
33 silly addNameRange     '5.5.0',
33 silly addNameRange     '5.6.0',
33 silly addNameRange     '5.6.1',
33 silly addNameRange     '5.7.0',
33 silly addNameRange     '5.8.0',
33 silly addNameRange     '5.9.0',
33 silly addNameRange     '5.9.1',
33 silly addNameRange     '5.9.2',
33 silly addNameRange     '5.9.3',
33 silly addNameRange     '5.10.0',
33 silly addNameRange     '5.10.1',
33 silly addNameRange     '5.11.0',
33 silly addNameRange     '5.11.1',
33 silly addNameRange     '5.11.2',
33 silly addNameRange     '5.12.0',
33 silly addNameRange     '5.12.1',
33 silly addNameRange     '5.12.2',
33 silly addNameRange     '5.13.0',
33 silly addNameRange     '5.13.1',
33 silly addNameRange     '6.0.0',
33 silly addNameRange     '6.0.1',
33 silly addNameRange     '6.0.2',
33 silly addNameRange     '6.0.3',
33 silly addNameRange     '6.1.0',
33 silly addNameRange     '6.1.1',
33 silly addNameRange     '6.1.2',
33 silly addNameRange     '6.2.0',
33 silly addNameRange     '6.3.0',
33 silly addNameRange     '6.3.1',
33 silly addNameRange     '6.3.2',
33 silly addNameRange     '6.3.3',
33 silly addNameRange     '6.3.4',
33 silly addNameRange     '7.0.0',
33 silly addNameRange     '7.0.1',
33 silly addNameRange     '7.0.2',
33 silly addNameRange     '7.0.3',
33 silly addNameRange     '7.1.0',
33 silly addNameRange     '8.0.0',
33 silly addNameRange     '8.0.1',
33 silly addNameRange     '8.0.2',
33 silly addNameRange     '8.0.3',
33 silly addNameRange     '8.1.0',
33 silly addNameRange     '8.1.1',
33 silly addNameRange     '8.1.2',
33 silly addNameRange     '8.1.3',
33 silly addNameRange     '9.0.0',
33 silly addNameRange     '9.0.1',
33 silly addNameRange     '9.0.2',
33 silly addNameRange     '9.0.3' ] ]
34 verbose addNamed [ 'browserify', '9.0.3' ]
35 verbose addNamed [ '9.0.3', '9.0.3' ]
36 silly lockFile e0846108-browserify-9-0-3 browserify@9.0.3
37 verbose lock browserify@9.0.3 /Users/SarriMaxime/.npm/e0846108-browserify-9-0-3.lock
38 silly lockFile f9a7f2bd--browserify-browserify-9-0-3-tgz https://registry.npmjs.org/browserify/-/browserify-9.0.3.tgz
39 verbose lock https://registry.npmjs.org/browserify/-/browserify-9.0.3.tgz /Users/SarriMaxime/.npm/f9a7f2bd--browserify-browserify-9-0-3-tgz.lock
40 verbose addRemoteTarball [ 'https://registry.npmjs.org/browserify/-/browserify-9.0.3.tgz',
40 verbose addRemoteTarball   'f2f742b82ec5631c64b8c98a9788db0017c6517c' ]
41 info retry fetch attempt 1 at 12:37:17
42 verbose fetch to= /var/folders/ys/2n2r7jvj0h58t83wpv9x5wx80000gn/T/npm-4752-rZFQoJSq/registry.npmjs.org/browserify/-/browserify-9.0.3.tgz
43 http GET https://registry.npmjs.org/browserify/-/browserify-9.0.3.tgz
44 http 200 https://registry.npmjs.org/browserify/-/browserify-9.0.3.tgz
45 silly lockFile f9a7f2bd--browserify-browserify-9-0-3-tgz https://registry.npmjs.org/browserify/-/browserify-9.0.3.tgz
46 silly lockFile f9a7f2bd--browserify-browserify-9-0-3-tgz https://registry.npmjs.org/browserify/-/browserify-9.0.3.tgz
47 silly lockFile e0846108-browserify-9-0-3 browserify@9.0.3
48 silly lockFile e0846108-browserify-9-0-3 browserify@9.0.3
49 silly lockFile 80140245-browserify browserify@
50 silly lockFile 80140245-browserify browserify@
51 error Error: EACCES, mkdir '/Users/SarriMaxime/.npm/browserify/9.0.3'
51 error  { [Error: EACCES, mkdir '/Users/SarriMaxime/.npm/browserify/9.0.3']
51 error   errno: 3,
51 error   code: 'EACCES',
51 error   path: '/Users/SarriMaxime/.npm/browserify/9.0.3',
51 error   parent: 'WebBase' }
52 error Please try running this command again as root/Administrator.
53 error System Darwin 13.3.0
54 error command "node" "/usr/local/bin/npm" "install" "browserify" "--save-dev"
55 error cwd /Users/SarriMaxime/Desktop/WORK/_base/builder
56 error node -v v0.10.32
57 error npm -v 1.4.28
58 error path /Users/SarriMaxime/.npm/browserify/9.0.3
59 error code EACCES
60 error errno 3
61 error stack Error: EACCES, mkdir '/Users/SarriMaxime/.npm/browserify/9.0.3'
62 verbose exit [ 3, true ]
